<?xml version="1.0" encoding="UTF-8" ?>
<testsuite tests="1" failures="0" name="br.com.trilhajee.conexao.ConexaoTest" time="0.636" errors="0" skipped="0">
  <properties>
    <property name="java.runtime.name" value="Java(TM) SE Runtime Environment"/>
    <property name="sun.boot.library.path" value="/opt/java/jdk1.8.0_151/jre/lib/amd64"/>
    <property name="java.vm.version" value="25.151-b12"/>
    <property name="java.vm.vendor" value="Oracle Corporation"/>
    <property name="java.vendor.url" value="http://java.oracle.com/"/>
    <property name="path.separator" value=":"/>
    <property name="java.vm.name" value="Java HotSpot(TM) 64-Bit Server VM"/>
    <property name="file.encoding.pkg" value="sun.io"/>
    <property name="user.country" value="BR"/>
    <property name="sun.java.launcher" value="SUN_STANDARD"/>
    <property name="sun.os.patch.level" value="unknown"/>
    <property name="java.vm.specification.name" value="Java Virtual Machine Specification"/>
    <property name="user.dir" value="/home/carlos/Documentos/Servidor/web/trilhajee"/>
    <property name="java.runtime.version" value="1.8.0_151-b12"/>
    <property name="java.awt.graphicsenv" value="sun.awt.X11GraphicsEnvironment"/>
    <property name="basedir" value="/home/carlos/Documentos/Servidor/web/trilhajee"/>
    <property name="java.endorsed.dirs" value="/opt/java/jdk1.8.0_151/jre/lib/endorsed"/>
    <property name="os.arch" value="amd64"/>
    <property name="surefire.real.class.path" value="/home/carlos/Documentos/Servidor/web/trilhajee/target/surefire/surefirebooter4047835922944123827.jar"/>
    <property name="java.io.tmpdir" value="/tmp"/>
    <property name="line.separator" value="
"/>
    <property name="java.vm.specification.vendor" value="Oracle Corporation"/>
    <property name="os.name" value="Linux"/>
    <property name="sun.jnu.encoding" value="UTF-8"/>
    <property name="java.library.path" value="/usr/java/packages/lib/amd64:/usr/lib64:/lib64:/lib:/usr/lib"/>
    <property name="surefire.test.class.path" value="/home/carlos/Documentos/Servidor/web/trilhajee/target/test-classes:/home/carlos/Documentos/Servidor/web/trilhajee/target/classes:/home/carlos/.m2/repository/org/jboss/ejb3/jboss-ejb3-ext-api/2.2.0.Final/jboss-ejb3-ext-api-2.2.0.Final.jar:/home/carlos/.m2/repository/org/atteo/moonshine/jax-rs/1.2/jax-rs-1.2.jar:/home/carlos/.m2/repository/org/atteo/moonshine/container/1.2/container-1.2.jar:/home/carlos/.m2/repository/org/atteo/moonshine/reflection-utils/1.2/reflection-utils-1.2.jar:/home/carlos/.m2/repository/org/atteo/config/config/1.3/config-1.3.jar:/home/carlos/.m2/repository/org/atteo/classindex/classindex/3.2/classindex-3.2.jar:/home/carlos/.m2/repository/org/atteo/filtering/filtering/1.2/filtering-1.2.jar:/home/carlos/.m2/repository/org/atteo/config/xmlmerge/1.3/xmlmerge-1.3.jar:/home/carlos/.m2/repository/javax/xml/bind/jaxb-api/2.2.11/jaxb-api-2.2.11.jar:/home/carlos/.m2/repository/com/sun/xml/bind/jaxb-impl/2.2.7/jaxb-impl-2.2.7.jar:/home/carlos/.m2/repository/com/sun/xml/bind/jaxb-core/2.2.7/jaxb-core-2.2.7.jar:/home/carlos/.m2/repository/com/sun/istack/istack-commons-runtime/2.16/istack-commons-runtime-2.16.jar:/home/carlos/.m2/repository/com/sun/xml/fastinfoset/FastInfoset/1.2.12/FastInfoset-1.2.12.jar:/home/carlos/.m2/repository/javax/xml/bind/jsr173_api/1.0/jsr173_api-1.0.jar:/home/carlos/.m2/repository/org/hibernate/hibernate-validator/5.1.0.Final/hibernate-validator-5.1.0.Final.jar:/home/carlos/.m2/repository/org/jboss/logging/jboss-logging/3.1.3.GA/jboss-logging-3.1.3.GA.jar:/home/carlos/.m2/repository/com/fasterxml/classmate/1.0.0/classmate-1.0.0.jar:/home/carlos/.m2/repository/javax/el/javax.el-api/2.2.4/javax.el-api-2.2.4.jar:/home/carlos/.m2/repository/org/glassfish/web/javax.el/2.2.4/javax.el-2.2.4.jar:/home/carlos/.m2/repository/org/sonatype/sisu/sisu-guice/3.2.0/sisu-guice-3.2.0.jar:/home/carlos/.m2/repository/javax/inject/javax.inject/1/javax.inject-1.jar:/home/carlos/.m2/repository/aopalliance/aopalliance/1.0/aopalliance-1.0.jar:/home/carlos/.m2/repository/org/sonatype/sisu/inject/guice-servlet/3.2.0/guice-servlet-3.2.0.jar:/home/carlos/.m2/repository/ch/qos/logback/logback-classic/1.1.2/logback-classic-1.1.2.jar:/home/carlos/.m2/repository/ch/qos/logback/logback-core/1.1.2/logback-core-1.1.2.jar:/home/carlos/.m2/repository/org/slf4j/slf4j-api/1.7.7/slf4j-api-1.7.7.jar:/home/carlos/.m2/repository/org/slf4j/jul-to-slf4j/1.7.7/jul-to-slf4j-1.7.7.jar:/home/carlos/.m2/repository/org/slf4j/log4j-over-slf4j/1.7.7/log4j-over-slf4j-1.7.7.jar:/home/carlos/.m2/repository/javax/servlet/javax.servlet-api/3.1.0/javax.servlet-api-3.1.0.jar:/home/carlos/.m2/repository/com/google/code/findbugs/jsr305/2.0.3/jsr305-2.0.3.jar:/home/carlos/.m2/repository/javax/validation/validation-api/1.1.0.Final/validation-api-1.1.0.Final.jar:/home/carlos/.m2/repository/com/google/guava/guava/16.0.1/guava-16.0.1.jar:/home/carlos/.m2/repository/com/beust/jcommander/1.35/jcommander-1.35.jar:/home/carlos/.m2/repository/org/codehaus/janino/janino/2.6.1/janino-2.6.1.jar:/home/carlos/.m2/repository/org/codehaus/janino/commons-compiler/2.6.1/commons-compiler-2.6.1.jar:/home/carlos/.m2/repository/org/atteo/moonshine/webserver/1.2/webserver-1.2.jar:/home/carlos/.m2/repository/org/bouncycastle/bcpkix-jdk15on/1.50/bcpkix-jdk15on-1.50.jar:/home/carlos/.m2/repository/org/bouncycastle/bcprov-jdk15on/1.50/bcprov-jdk15on-1.50.jar:/home/carlos/.m2/repository/javax/ws/rs/javax.ws.rs-api/2.0/javax.ws.rs-api-2.0.jar:/home/carlos/.m2/repository/javax/annotation/javax.annotation-api/1.2/javax.annotation-api-1.2.jar:/home/carlos/.m2/repository/org/hsqldb/hsqldb/2.3.2/hsqldb-2.3.2.jar:/home/carlos/.m2/repository/junit/junit/4.12/junit-4.12.jar:/home/carlos/.m2/repository/org/hamcrest/hamcrest-core/1.3/hamcrest-core-1.3.jar:"/>
    <property name="java.specification.name" value="Java Platform API Specification"/>
    <property name="java.class.version" value="52.0"/>
    <property name="sun.management.compiler" value="HotSpot 64-Bit Tiered Compilers"/>
    <property name="os.version" value="3.13.0-85-generic"/>
    <property name="user.home" value="/home/carlos"/>
    <property name="user.timezone" value="America/Sao_Paulo"/>
    <property name="java.awt.printerjob" value="sun.print.PSPrinterJob"/>
    <property name="file.encoding" value="UTF-8"/>
    <property name="java.specification.version" value="1.8"/>
    <property name="user.name" value="carlos"/>
    <property name="java.class.path" value="/home/carlos/Documentos/Servidor/web/trilhajee/target/test-classes:/home/carlos/Documentos/Servidor/web/trilhajee/target/classes:/home/carlos/.m2/repository/org/jboss/ejb3/jboss-ejb3-ext-api/2.2.0.Final/jboss-ejb3-ext-api-2.2.0.Final.jar:/home/carlos/.m2/repository/org/atteo/moonshine/jax-rs/1.2/jax-rs-1.2.jar:/home/carlos/.m2/repository/org/atteo/moonshine/container/1.2/container-1.2.jar:/home/carlos/.m2/repository/org/atteo/moonshine/reflection-utils/1.2/reflection-utils-1.2.jar:/home/carlos/.m2/repository/org/atteo/config/config/1.3/config-1.3.jar:/home/carlos/.m2/repository/org/atteo/classindex/classindex/3.2/classindex-3.2.jar:/home/carlos/.m2/repository/org/atteo/filtering/filtering/1.2/filtering-1.2.jar:/home/carlos/.m2/repository/org/atteo/config/xmlmerge/1.3/xmlmerge-1.3.jar:/home/carlos/.m2/repository/javax/xml/bind/jaxb-api/2.2.11/jaxb-api-2.2.11.jar:/home/carlos/.m2/repository/com/sun/xml/bind/jaxb-impl/2.2.7/jaxb-impl-2.2.7.jar:/home/carlos/.m2/repository/com/sun/xml/bind/jaxb-core/2.2.7/jaxb-core-2.2.7.jar:/home/carlos/.m2/repository/com/sun/istack/istack-commons-runtime/2.16/istack-commons-runtime-2.16.jar:/home/carlos/.m2/repository/com/sun/xml/fastinfoset/FastInfoset/1.2.12/FastInfoset-1.2.12.jar:/home/carlos/.m2/repository/javax/xml/bind/jsr173_api/1.0/jsr173_api-1.0.jar:/home/carlos/.m2/repository/org/hibernate/hibernate-validator/5.1.0.Final/hibernate-validator-5.1.0.Final.jar:/home/carlos/.m2/repository/org/jboss/logging/jboss-logging/3.1.3.GA/jboss-logging-3.1.3.GA.jar:/home/carlos/.m2/repository/com/fasterxml/classmate/1.0.0/classmate-1.0.0.jar:/home/carlos/.m2/repository/javax/el/javax.el-api/2.2.4/javax.el-api-2.2.4.jar:/home/carlos/.m2/repository/org/glassfish/web/javax.el/2.2.4/javax.el-2.2.4.jar:/home/carlos/.m2/repository/org/sonatype/sisu/sisu-guice/3.2.0/sisu-guice-3.2.0.jar:/home/carlos/.m2/repository/javax/inject/javax.inject/1/javax.inject-1.jar:/home/carlos/.m2/repository/aopalliance/aopalliance/1.0/aopalliance-1.0.jar:/home/carlos/.m2/repository/org/sonatype/sisu/inject/guice-servlet/3.2.0/guice-servlet-3.2.0.jar:/home/carlos/.m2/repository/ch/qos/logback/logback-classic/1.1.2/logback-classic-1.1.2.jar:/home/carlos/.m2/repository/ch/qos/logback/logback-core/1.1.2/logback-core-1.1.2.jar:/home/carlos/.m2/repository/org/slf4j/slf4j-api/1.7.7/slf4j-api-1.7.7.jar:/home/carlos/.m2/repository/org/slf4j/jul-to-slf4j/1.7.7/jul-to-slf4j-1.7.7.jar:/home/carlos/.m2/repository/org/slf4j/log4j-over-slf4j/1.7.7/log4j-over-slf4j-1.7.7.jar:/home/carlos/.m2/repository/javax/servlet/javax.servlet-api/3.1.0/javax.servlet-api-3.1.0.jar:/home/carlos/.m2/repository/com/google/code/findbugs/jsr305/2.0.3/jsr305-2.0.3.jar:/home/carlos/.m2/repository/javax/validation/validation-api/1.1.0.Final/validation-api-1.1.0.Final.jar:/home/carlos/.m2/repository/com/google/guava/guava/16.0.1/guava-16.0.1.jar:/home/carlos/.m2/repository/com/beust/jcommander/1.35/jcommander-1.35.jar:/home/carlos/.m2/repository/org/codehaus/janino/janino/2.6.1/janino-2.6.1.jar:/home/carlos/.m2/repository/org/codehaus/janino/commons-compiler/2.6.1/commons-compiler-2.6.1.jar:/home/carlos/.m2/repository/org/atteo/moonshine/webserver/1.2/webserver-1.2.jar:/home/carlos/.m2/repository/org/bouncycastle/bcpkix-jdk15on/1.50/bcpkix-jdk15on-1.50.jar:/home/carlos/.m2/repository/org/bouncycastle/bcprov-jdk15on/1.50/bcprov-jdk15on-1.50.jar:/home/carlos/.m2/repository/javax/ws/rs/javax.ws.rs-api/2.0/javax.ws.rs-api-2.0.jar:/home/carlos/.m2/repository/javax/annotation/javax.annotation-api/1.2/javax.annotation-api-1.2.jar:/home/carlos/.m2/repository/org/hsqldb/hsqldb/2.3.2/hsqldb-2.3.2.jar:/home/carlos/.m2/repository/junit/junit/4.12/junit-4.12.jar:/home/carlos/.m2/repository/org/hamcrest/hamcrest-core/1.3/hamcrest-core-1.3.jar:"/>
    <property name="java.vm.specification.version" value="1.8"/>
    <property name="sun.arch.data.model" value="64"/>
    <property name="java.home" value="/opt/java/jdk1.8.0_151/jre"/>
    <property name="sun.java.command" value="/home/carlos/Documentos/Servidor/web/trilhajee/target/surefire/surefirebooter4047835922944123827.jar /home/carlos/Documentos/Servidor/web/trilhajee/target/surefire/surefire3848849576361944044tmp /home/carlos/Documentos/Servidor/web/trilhajee/target/surefire/surefire2258800856790611592tmp"/>
    <property name="java.specification.vendor" value="Oracle Corporation"/>
    <property name="user.language" value="pt"/>
    <property name="awt.toolkit" value="sun.awt.X11.XToolkit"/>
    <property name="java.vm.info" value="mixed mode"/>
    <property name="java.version" value="1.8.0_151"/>
    <property name="java.ext.dirs" value="/opt/java/jdk1.8.0_151/jre/lib/ext:/usr/java/packages/lib/ext"/>
    <property name="sun.boot.class.path" value="/opt/java/jdk1.8.0_151/jre/lib/resources.jar:/opt/java/jdk1.8.0_151/jre/lib/rt.jar:/opt/java/jdk1.8.0_151/jre/lib/sunrsasign.jar:/opt/java/jdk1.8.0_151/jre/lib/jsse.jar:/opt/java/jdk1.8.0_151/jre/lib/jce.jar:/opt/java/jdk1.8.0_151/jre/lib/charsets.jar:/opt/java/jdk1.8.0_151/jre/lib/jfr.jar:/opt/java/jdk1.8.0_151/jre/classes"/>
    <property name="java.vendor" value="Oracle Corporation"/>
    <property name="localRepository" value="/home/carlos/.m2/repository"/>
    <property name="file.separator" value="/"/>
    <property name="java.vendor.url.bug" value="http://bugreport.sun.com/bugreport/"/>
    <property name="sun.cpu.endian" value="little"/>
    <property name="sun.io.unicode.encoding" value="UnicodeLittle"/>
    <property name="sun.desktop" value="gnome"/>
    <property name="sun.cpu.isalist" value=""/>
  </properties>
  <testcase classname="br.com.trilhajee.conexao.ConexaoTest" name="TestAbrirConexaoComBancoDeDados" time="0.588"/>
</testsuite>